<?xml version="1.0" encoding="UTF-8"?>
<!-- Generated by org.testng.reporters.JUnitReportReporter -->
<testsuite hostname="LAPTOP-IBL78H48" failures="0" tests="1" name="coreJAVAframework.child1" time="0.012" errors="0" timestamp="2024-04-05T00:41:30 IST" skipped="0">
  <testcase classname="coreJAVAframework.child1" name="test" time="0.012"/>
  <system-out/>
</testsuite> <!-- coreJAVAframework.child1 -->
