<?xml version="1.0" encoding="UTF-8"?>
<!-- Generated by org.testng.reporters.JUnitReportReporter -->
<testsuite hostname="LAPTOP-IBL78H48" failures="0" tests="1" name="coreJAVAframework.child" time="0.008" errors="0" timestamp="2024-04-04T22:25:11 IST" skipped="0">
  <testcase classname="coreJAVAframework.child" name="test" time="0.008"/>
  <system-out/>
</testsuite> <!-- coreJAVAframework.child -->
